<?xml version="1.0" encoding="UTF-8" ?>
<testsuite errors="0" failures="0" hostname="STP3301655" name="test.AllTests" tests="13" time="0.094" timestamp="2009-11-30T22:49:54">
  <properties>
[...]
</properties>
  <testcase classname="test.NodeTest" name="testCopyNode" time="0.016" />
  <testcase classname="test.FitnessTest" name="testFitness" time="0.015" />
  <testcase classname="test.TreeFitnessComparatorTest" name="testSort" time="0.0" />
  <testcase classname="test.CrossoverTest" name="testCross" time="0.0" />
  <testcase classname="test.MutationTest" name="testMutateTrees" time="0.0" />
  <testcase classname="test.MutationTest" name="testSetRandomNodeToValue" time="0.0" />
  <testcase classname="test.TreeTest" name="testAddNode" time="0.0" />
  <testcase classname="test.TreeTest" name="testCopyTree" time="0.0" />
  <testcase classname="test.TreeTest" name="testGetEquation" time="0.0" />
  <testcase classname="test.TreeTest" name="testGetFunctionalSet" time="0.0" />
  <testcase classname="test.TreeTest" name="testGetHeight" time="0.0" />
  <testcase classname="test.TreeTest" name="testGetNumberOfNodes" time="0.0" />
  <testcase classname="test.TreeTest" name="testTree" time="0.0" />
  <system-out><![CDATA[]]></system-out>
  <system-err><![CDATA[log4j:WARN No appenders could be found for logger (gp.Fitness).
log4j:WARN Please initialize the log4j system properly.
]]></system-err>
</testsuite>
